2019-09-15 21:11:43,826 WARN org.apache.hadoop.util.NativeCodeLoader: Unable to load native-hadoop library for your platform... using builtin-java classes where applicable
2019-09-15 21:11:45,185 INFO org.apache.hadoop.conf.Configuration.deprecation: session.id is deprecated. Instead, use dfs.metrics.session-id
2019-09-15 21:11:45,186 INFO org.apache.hadoop.metrics.jvm.JvmMetrics: Initializing JVM Metrics with processName=JobTracker, sessionId=
2019-09-15 21:11:45,577 INFO org.apache.hadoop.mapreduce.lib.input.FileInputFormat: Total input files to process : 1
2019-09-15 21:11:45,718 INFO org.apache.hadoop.mapreduce.JobSubmitter: number of splits:1
2019-09-15 21:11:46,000 INFO org.apache.hadoop.mapreduce.JobSubmitter: Submitting tokens for job: job_local247637302_0001
2019-09-15 21:11:46,509 INFO org.apache.hadoop.mapreduce.Job: The url to track the job: http://localhost:8080/
2019-09-15 21:11:46,510 INFO org.apache.hadoop.mapreduce.Job: Running job: job_local247637302_0001
2019-09-15 21:11:46,513 INFO org.apache.hadoop.mapred.LocalJobRunner: OutputCommitter set in config null
2019-09-15 21:11:46,524 INFO org.apache.hadoop.mapreduce.lib.output.FileOutputCommitter: File Output Committer Algorithm version is 1
2019-09-15 21:11:46,524 INFO org.apache.hadoop.mapreduce.lib.output.FileOutputCommitter: FileOutputCommitter skip cleanup _temporary folders under output directory:false, ignore cleanup failures: false
2019-09-15 21:11:46,525 INFO org.apache.hadoop.mapred.LocalJobRunner: OutputCommitter is org.apache.hadoop.mapreduce.lib.output.FileOutputCommitter
2019-09-15 21:11:46,705 INFO org.apache.hadoop.mapred.LocalJobRunner: Waiting for map tasks
2019-09-15 21:11:46,706 INFO org.apache.hadoop.mapred.LocalJobRunner: Starting task: attempt_local247637302_0001_m_000000_0
2019-09-15 21:11:46,764 INFO org.apache.hadoop.mapreduce.lib.output.FileOutputCommitter: File Output Committer Algorithm version is 1
2019-09-15 21:11:46,766 INFO org.apache.hadoop.mapreduce.lib.output.FileOutputCommitter: FileOutputCommitter skip cleanup _temporary folders under output directory:false, ignore cleanup failures: false
2019-09-15 21:11:46,803 INFO org.apache.hadoop.mapred.Task:  Using ResourceCalculatorProcessTree : [ ]
2019-09-15 21:11:46,822 INFO org.apache.hadoop.mapred.MapTask: Processing split: hdfs://localhost:9000/user/pbm/hashtags_and_url.txt:0+709422
2019-09-15 21:11:46,950 INFO org.apache.hadoop.mapred.MapTask: (EQUATOR) 0 kvi 26214396(104857584)
2019-09-15 21:11:46,950 INFO org.apache.hadoop.mapred.MapTask: mapreduce.task.io.sort.mb: 100
2019-09-15 21:11:46,950 INFO org.apache.hadoop.mapred.MapTask: soft limit at 83886080
2019-09-15 21:11:46,950 INFO org.apache.hadoop.mapred.MapTask: bufstart = 0; bufvoid = 104857600
2019-09-15 21:11:46,950 INFO org.apache.hadoop.mapred.MapTask: kvstart = 26214396; length = 6553600
2019-09-15 21:11:46,957 INFO org.apache.hadoop.mapred.MapTask: Map output collector class = org.apache.hadoop.mapred.MapTask$MapOutputBuffer
2019-09-15 21:11:47,381 INFO org.apache.hadoop.mapred.LocalJobRunner: 
2019-09-15 21:11:47,390 INFO org.apache.hadoop.mapred.MapTask: Starting flush of map output
2019-09-15 21:11:47,390 INFO org.apache.hadoop.mapred.MapTask: Spilling map output
2019-09-15 21:11:47,390 INFO org.apache.hadoop.mapred.MapTask: bufstart = 0; bufend = 800347; bufvoid = 104857600
2019-09-15 21:11:47,391 INFO org.apache.hadoop.mapred.MapTask: kvstart = 26214396(104857584); kvend = 26123600(104494400); length = 90797/6553600
2019-09-15 21:11:47,512 INFO org.apache.hadoop.mapreduce.Job: Job job_local247637302_0001 running in uber mode : false
2019-09-15 21:11:47,513 INFO org.apache.hadoop.mapreduce.Job:  map 0% reduce 0%
2019-09-15 21:11:47,695 INFO org.apache.hadoop.mapred.MapTask: Finished spill 0
2019-09-15 21:11:47,733 INFO org.apache.hadoop.mapred.Task: Task:attempt_local247637302_0001_m_000000_0 is done. And is in the process of committing
2019-09-15 21:11:47,754 INFO org.apache.hadoop.mapred.LocalJobRunner: map
2019-09-15 21:11:47,754 INFO org.apache.hadoop.mapred.Task: Task 'attempt_local247637302_0001_m_000000_0' done.
2019-09-15 21:11:47,755 INFO org.apache.hadoop.mapred.LocalJobRunner: Finishing task: attempt_local247637302_0001_m_000000_0
2019-09-15 21:11:47,755 INFO org.apache.hadoop.mapred.LocalJobRunner: map task executor complete.
2019-09-15 21:11:47,764 INFO org.apache.hadoop.mapred.LocalJobRunner: Waiting for reduce tasks
2019-09-15 21:11:47,765 INFO org.apache.hadoop.mapred.LocalJobRunner: Starting task: attempt_local247637302_0001_r_000000_0
2019-09-15 21:11:47,782 INFO org.apache.hadoop.mapreduce.lib.output.FileOutputCommitter: File Output Committer Algorithm version is 1
2019-09-15 21:11:47,782 INFO org.apache.hadoop.mapreduce.lib.output.FileOutputCommitter: FileOutputCommitter skip cleanup _temporary folders under output directory:false, ignore cleanup failures: false
2019-09-15 21:11:47,782 INFO org.apache.hadoop.mapred.Task:  Using ResourceCalculatorProcessTree : [ ]
2019-09-15 21:11:47,787 INFO org.apache.hadoop.mapred.ReduceTask: Using ShuffleConsumerPlugin: org.apache.hadoop.mapreduce.task.reduce.Shuffle@18cdf8ba
2019-09-15 21:11:47,812 INFO org.apache.hadoop.mapreduce.task.reduce.MergeManagerImpl: MergerManager: memoryLimit=363285696, maxSingleShuffleLimit=90821424, mergeThreshold=239768576, ioSortFactor=10, memToMemMergeOutputsThreshold=10
2019-09-15 21:11:47,841 INFO org.apache.hadoop.mapreduce.task.reduce.EventFetcher: attempt_local247637302_0001_r_000000_0 Thread started: EventFetcher for fetching Map Completion Events
2019-09-15 21:11:47,972 INFO org.apache.hadoop.mapreduce.task.reduce.LocalFetcher: localfetcher#1 about to shuffle output of map attempt_local247637302_0001_m_000000_0 decomp: 438269 len: 438273 to MEMORY
2019-09-15 21:11:47,985 INFO org.apache.hadoop.mapreduce.task.reduce.InMemoryMapOutput: Read 438269 bytes from map-output for attempt_local247637302_0001_m_000000_0
2019-09-15 21:11:47,986 INFO org.apache.hadoop.mapreduce.task.reduce.MergeManagerImpl: closeInMemoryFile -> map-output of size: 438269, inMemoryMapOutputs.size() -> 1, commitMemory -> 0, usedMemory ->438269
2019-09-15 21:11:47,997 INFO org.apache.hadoop.mapreduce.task.reduce.EventFetcher: EventFetcher is interrupted.. Returning
2019-09-15 21:11:47,998 INFO org.apache.hadoop.mapred.LocalJobRunner: 1 / 1 copied.
2019-09-15 21:11:47,998 INFO org.apache.hadoop.mapreduce.task.reduce.MergeManagerImpl: finalMerge called with 1 in-memory map-outputs and 0 on-disk map-outputs
2019-09-15 21:11:48,006 INFO org.apache.hadoop.mapred.Merger: Merging 1 sorted segments
2019-09-15 21:11:48,007 INFO org.apache.hadoop.mapred.Merger: Down to the last merge-pass, with 1 segments left of total size: 438263 bytes
2019-09-15 21:11:48,061 INFO org.apache.hadoop.mapreduce.task.reduce.MergeManagerImpl: Merged 1 segments, 438269 bytes to disk to satisfy reduce memory limit
2019-09-15 21:11:48,062 INFO org.apache.hadoop.mapreduce.task.reduce.MergeManagerImpl: Merging 1 files, 438273 bytes from disk
2019-09-15 21:11:48,063 INFO org.apache.hadoop.mapreduce.task.reduce.MergeManagerImpl: Merging 0 segments, 0 bytes from memory into reduce
2019-09-15 21:11:48,063 INFO org.apache.hadoop.mapred.Merger: Merging 1 sorted segments
2019-09-15 21:11:48,064 INFO org.apache.hadoop.mapred.Merger: Down to the last merge-pass, with 1 segments left of total size: 438263 bytes
2019-09-15 21:11:48,065 INFO org.apache.hadoop.mapred.LocalJobRunner: 1 / 1 copied.
2019-09-15 21:11:48,119 INFO org.apache.hadoop.conf.Configuration.deprecation: mapred.skip.on is deprecated. Instead, use mapreduce.job.skiprecords
2019-09-15 21:11:48,340 INFO org.apache.hadoop.mapred.Task: Task:attempt_local247637302_0001_r_000000_0 is done. And is in the process of committing
2019-09-15 21:11:48,351 INFO org.apache.hadoop.mapred.LocalJobRunner: 1 / 1 copied.
2019-09-15 21:11:48,352 INFO org.apache.hadoop.mapred.Task: Task attempt_local247637302_0001_r_000000_0 is allowed to commit now
2019-09-15 21:11:48,366 INFO org.apache.hadoop.mapreduce.lib.output.FileOutputCommitter: Saved output of task 'attempt_local247637302_0001_r_000000_0' to hdfs://localhost:9000/user/pbm/hadoop_out1/_temporary/0/task_local247637302_0001_r_000000
2019-09-15 21:11:48,369 INFO org.apache.hadoop.mapred.LocalJobRunner: reduce > reduce
2019-09-15 21:11:48,370 INFO org.apache.hadoop.mapred.Task: Task 'attempt_local247637302_0001_r_000000_0' done.
2019-09-15 21:11:48,370 INFO org.apache.hadoop.mapred.LocalJobRunner: Finishing task: attempt_local247637302_0001_r_000000_0
2019-09-15 21:11:48,370 INFO org.apache.hadoop.mapred.LocalJobRunner: reduce task executor complete.
2019-09-15 21:11:48,515 INFO org.apache.hadoop.mapreduce.Job:  map 100% reduce 100%
2019-09-15 21:11:48,516 INFO org.apache.hadoop.mapreduce.Job: Job job_local247637302_0001 completed successfully
2019-09-15 21:11:48,554 INFO org.apache.hadoop.mapreduce.Job: Counters: 35
	File System Counters
		FILE: Number of bytes read=1480814
		FILE: Number of bytes written=2573611
		FILE: Number of read operations=0
		FILE: Number of large read operations=0
		FILE: Number of write operations=0
		HDFS: Number of bytes read=1418844
		HDFS: Number of bytes written=396590
		HDFS: Number of read operations=13
		HDFS: Number of large read operations=0
		HDFS: Number of write operations=4
	Map-Reduce Framework
		Map input records=1
		Map output records=22700
		Map output bytes=800347
		Map output materialized bytes=438273
		Input split bytes=116
		Combine input records=22700
		Combine output records=10430
		Reduce input groups=10430
		Reduce shuffle bytes=438273
		Reduce input records=10430
		Reduce output records=10430
		Spilled Records=20860
		Shuffled Maps =1
		Failed Shuffles=0
		Merged Map outputs=1
		GC time elapsed (ms)=46
		Total committed heap usage (bytes)=307240960
	Shuffle Errors
		BAD_ID=0
		CONNECTION=0
		IO_ERROR=0
		WRONG_LENGTH=0
		WRONG_MAP=0
		WRONG_REDUCE=0
	File Input Format Counters 
		Bytes Read=709422
	File Output Format Counters 
		Bytes Written=396590
