2019-11-12 18:37:59,264 - Spark Sentiment Analysis - INFO - 
Created a Spark Context
2019-11-12 18:37:59,264 - Spark Sentiment Analysis - INFO - 
Data has been read successfully.
2019-11-12 18:38:06,023 - Spark Sentiment Analysis - INFO - 
1599999 has been read.
2019-11-12 18:38:06,023 - Spark Sentiment Analysis - INFO - 
NA's has been removed from the dataset.
2019-11-12 18:38:06,067 - Spark Sentiment Analysis - INFO - 
Dataframe has been split into 0.98,0.01,0.01 size for train, val and test
2019-11-12 18:38:06,099 - Spark Sentiment Analysis - INFO - 
Tokenizing the feature column and output is written into words column
2019-11-12 18:38:06,123 - Spark Sentiment Analysis - INFO - 
Hashing the words column and output is written into tf column
2019-11-12 18:38:06,135 - Spark Sentiment Analysis - INFO - 
IDF the tf column and output is written into  features column
2019-11-12 18:38:06,147 - Spark Sentiment Analysis - INFO - 
Labeling the target column and output is written into label column
2019-11-12 18:38:06,155 - Spark Sentiment Analysis - INFO - 
Making all the above method into a pipeline
2019-11-12 18:38:06,159 - Spark Sentiment Analysis - INFO - 
Fit train, test and validation set on the created pipeline
2019-11-12 18:38:23,796 - Spark Sentiment Analysis - INFO - 
Fitting the train dataset using LogisticRegression
2019-11-12 18:38:56,546 - Spark Sentiment Analysis - INFO - 
Evaluating the trained model
2019-11-12 18:39:02,082 - Spark Sentiment Analysis - INFO - 
0.8353073427913121
2019-11-12 18:39:02,754 - Spark Sentiment Analysis - INFO - 
Data pre processing has taken 
2019-11-12 18:39:02,754 - Spark Sentiment Analysis - INFO - 
--- 68.05813264846802 seconds ---
2019-11-12 18:41:25,785 - Spark Sentiment Analysis - INFO - 
Created a Spark Context
2019-11-12 18:42:24,565 - Spark Sentiment Analysis - INFO - 
Created a Spark Context
2019-11-12 19:01:55,817 - Spark Content Classification - INFO - 
Created a Spark Context
2019-11-12 19:01:55,817 - Spark Content Classification - INFO - 
Data has been read successfully.
2019-11-12 19:02:03,112 - Spark Content Classification - INFO - 
1599999 has been read.
2019-11-12 19:02:03,112 - Spark Content Classification - INFO - 
NA's has been removed from the dataset.
2019-11-12 19:02:03,152 - Spark Content Classification - INFO - 
Dataframe has been split into 0.98,0.01,0.01 size for train, val and test
2019-11-12 19:02:03,184 - Spark Content Classification - INFO - 
Tokenizing the feature column and output is written into words column
2019-11-12 19:02:03,204 - Spark Content Classification - INFO - 
Hashing the words column and output is written into tf column
2019-11-12 19:02:03,212 - Spark Content Classification - INFO - 
IDF the tf column and output is written into  features column
2019-11-12 19:02:03,224 - Spark Content Classification - INFO - 
Labeling the target column and output is written into label column
2019-11-12 19:02:03,236 - Spark Content Classification - INFO - 
Making all the above method into a pipeline
2019-11-12 19:02:03,236 - Spark Content Classification - INFO - 
Fit train, test and validation set on the created pipeline
2019-11-12 19:02:49,403 - Spark Content Classification - INFO - 
Created a Spark Context
2019-11-12 19:02:49,403 - Spark Content Classification - INFO - 
Data has been read successfully.
2019-11-12 19:02:56,359 - Spark Content Classification - INFO - 
1599999 has been read.
2019-11-12 19:02:56,359 - Spark Content Classification - INFO - 
NA's has been removed from the dataset.
2019-11-12 19:02:56,403 - Spark Content Classification - INFO - 
Dataframe has been split into 0.98,0.01,0.01 size for train, val and test
2019-11-12 19:02:56,427 - Spark Content Classification - INFO - 
Tokenizing the feature column and output is written into words column
2019-11-12 19:02:56,443 - Spark Content Classification - INFO - 
Hashing the words column and output is written into tf column
2019-11-12 19:02:56,451 - Spark Content Classification - INFO - 
IDF the tf column and output is written into  features column
2019-11-12 19:02:56,471 - Spark Content Classification - INFO - 
Labeling the target column and output is written into label column
2019-11-12 19:02:56,479 - Spark Content Classification - INFO - 
Making all the above method into a pipeline
2019-11-12 19:02:56,479 - Spark Content Classification - INFO - 
Fit train, test and validation set on the created pipeline
2019-11-12 19:03:48,578 - Spark Content Classification - INFO - 
Created a Spark Context
2019-11-12 19:03:48,578 - Spark Content Classification - INFO - 
Data has been read successfully.
2019-11-12 19:03:54,959 - Spark Content Classification - INFO - 
1599999 has been read.
2019-11-12 19:03:54,959 - Spark Content Classification - INFO - 
NA's has been removed from the dataset.
2019-11-12 19:03:55,006 - Spark Content Classification - INFO - 
Dataframe has been split into 0.98,0.01,0.01 size for train, val and test
2019-11-12 19:03:55,037 - Spark Content Classification - INFO - 
Tokenizing the feature column and output is written into words column
2019-11-12 19:03:55,053 - Spark Content Classification - INFO - 
Hashing the words column and output is written into tf column
2019-11-12 19:03:55,069 - Spark Content Classification - INFO - 
IDF the tf column and output is written into  features column
2019-11-12 19:03:55,069 - Spark Content Classification - INFO - 
Labeling the target column and output is written into label column
2019-11-12 19:03:55,084 - Spark Content Classification - INFO - 
Making all the above method into a pipeline
2019-11-12 19:03:55,084 - Spark Content Classification - INFO - 
Fit train, test and validation set on the created pipeline
2019-11-12 19:04:12,927 - Spark Content Classification - INFO - 
Fitting the train dataset using LogisticRegression
2019-11-12 19:04:31,411 - Spark Content Classification - INFO - 
Evaluating the trained model
2019-11-12 19:04:36,558 - Spark Content Classification - INFO - 
0.8353073427913116
2019-11-12 19:05:09,388 - Spark Content Classification - INFO - 
Created a Spark Context
2019-11-12 19:05:09,388 - Spark Content Classification - INFO - 
Data has been read successfully.
2019-11-12 19:05:16,848 - Spark Content Classification - INFO - 
1599999 has been read.
2019-11-12 19:05:16,848 - Spark Content Classification - INFO - 
NA's has been removed from the dataset.
2019-11-12 19:05:16,894 - Spark Content Classification - INFO - 
Dataframe has been split into 0.98,0.01,0.01 size for train, val and test
2019-11-12 19:05:16,926 - Spark Content Classification - INFO - 
Tokenizing the feature column and output is written into words column
2019-11-12 19:05:16,972 - Spark Content Classification - INFO - 
Hashing the words column and output is written into tf column
2019-11-12 19:05:16,988 - Spark Content Classification - INFO - 
IDF the tf column and output is written into  features column
2019-11-12 19:05:17,004 - Spark Content Classification - INFO - 
Labeling the target column and output is written into label column
2019-11-12 19:05:17,035 - Spark Content Classification - INFO - 
Making all the above method into a pipeline
2019-11-12 19:05:17,035 - Spark Content Classification - INFO - 
Fit train, test and validation set on the created pipeline
2019-11-12 19:05:50,934 - Spark Content Classification - INFO - 
Created a Spark Context
2019-11-12 19:05:50,934 - Spark Content Classification - INFO - 
Data has been read successfully.
2019-11-12 19:05:57,660 - Spark Content Classification - INFO - 
1599999 has been read.
2019-11-12 19:05:57,660 - Spark Content Classification - INFO - 
NA's has been removed from the dataset.
2019-11-12 19:05:57,707 - Spark Content Classification - INFO - 
Dataframe has been split into 0.98,0.01,0.01 size for train, val and test
2019-11-12 19:05:57,738 - Spark Content Classification - INFO - 
Tokenizing the feature column and output is written into words column
2019-11-12 19:05:57,754 - Spark Content Classification - INFO - 
Hashing the words column and output is written into tf column
2019-11-12 19:05:57,754 - Spark Content Classification - INFO - 
IDF the tf column and output is written into  features column
2019-11-12 19:05:57,769 - Spark Content Classification - INFO - 
Labeling the target column and output is written into label column
2019-11-12 19:05:57,785 - Spark Content Classification - INFO - 
Making all the above method into a pipeline
2019-11-12 19:05:57,785 - Spark Content Classification - INFO - 
Fit train, test and validation set on the created pipeline
2019-11-12 19:06:15,152 - Spark Content Classification - INFO - 
Fitting the train dataset using LogisticRegression
2019-11-12 19:06:31,856 - Spark Content Classification - INFO - 
Evaluating the trained model
2019-11-12 19:06:39,447 - Spark Content Classification - INFO - 
0.8353073427913114
2019-11-12 19:06:40,147 - Spark Content Classification - INFO - 
Data pre processing has taken 
2019-11-12 19:06:40,147 - Spark Content Classification - INFO - 
--- 53.86986541748047 seconds ---
2019-11-12 20:53:09,703 - Spark Sentiment Analysis - INFO - 
Created a Spark Context
2019-11-12 20:53:37,149 - Spark Sentiment Analysis - INFO - 
Created a Spark Context
2019-11-12 20:55:03,883 - Spark Sentiment Analysis - INFO - 
Created a Spark Context
2019-11-12 20:55:03,883 - Spark Sentiment Analysis - INFO - 
Data has been read successfully.
2019-11-12 20:55:11,010 - Spark Sentiment Analysis - INFO - 
1599999 has been read.
2019-11-12 20:55:11,010 - Spark Sentiment Analysis - INFO - 
NA's has been removed from the dataset.
2019-11-12 20:55:11,072 - Spark Sentiment Analysis - INFO - 
Dataframe has been split into 0.98,0.01,0.01 size for train, val and test
2019-11-12 20:55:11,088 - Spark Sentiment Analysis - INFO - 
Tokenizing the feature column and output is written into words column
2019-11-12 20:55:11,104 - Spark Sentiment Analysis - INFO - 
Hashing the words column and output is written into tf column
2019-11-12 20:55:11,119 - Spark Sentiment Analysis - INFO - 
IDF the tf column and output is written into  features column
2019-11-12 20:55:11,135 - Spark Sentiment Analysis - INFO - 
Labeling the target column and output is written into label column
2019-11-12 20:55:11,151 - Spark Sentiment Analysis - INFO - 
Making all the above method into a pipeline
2019-11-12 20:55:11,151 - Spark Sentiment Analysis - INFO - 
Fit train, test and validation set on the created pipeline
2019-11-12 20:55:47,678 - Spark Sentiment Analysis - INFO - 
Created a Spark Context
2019-11-12 20:55:47,678 - Spark Sentiment Analysis - INFO - 
Data has been read successfully.
2019-11-12 20:55:55,106 - Spark Sentiment Analysis - INFO - 
1599999 has been read.
2019-11-12 20:55:55,106 - Spark Sentiment Analysis - INFO - 
NA's has been removed from the dataset.
2019-11-12 20:55:55,153 - Spark Sentiment Analysis - INFO - 
Dataframe has been split into 0.98,0.01,0.01 size for train, val and test
2019-11-12 20:55:55,168 - Spark Sentiment Analysis - INFO - 
Tokenizing the feature column and output is written into words column
2019-11-12 20:55:55,184 - Spark Sentiment Analysis - INFO - 
Hashing the words column and output is written into tf column
2019-11-12 20:55:55,200 - Spark Sentiment Analysis - INFO - 
IDF the tf column and output is written into  features column
2019-11-12 20:55:55,200 - Spark Sentiment Analysis - INFO - 
Labeling the target column and output is written into label column
2019-11-12 20:55:55,215 - Spark Sentiment Analysis - INFO - 
Making all the above method into a pipeline
2019-11-12 20:55:55,215 - Spark Sentiment Analysis - INFO - 
Fit train, test and validation set on the created pipeline
2019-11-14 17:06:38,925 - Twitter Streaming to TCP - INFO - 
Listening on port: 9009
2019-11-14 17:06:38,927 - Twitter Streaming to TCP - INFO - 
Twitter Authentication has been setup successfully
2019-11-14 17:09:26,017 - Twitter Streaming to TCP - INFO - 
Listening on port: 9009
2019-11-14 17:09:26,017 - Twitter Streaming to TCP - INFO - 
Twitter Authentication has been setup successfully
2019-11-14 17:09:54,393 - Twitter Streaming to TCP - INFO - 
Listening on port: 9009
2019-11-14 17:09:54,393 - Twitter Streaming to TCP - INFO - 
Twitter Authentication has been setup successfully
2019-11-14 17:10:31,517 - Twitter Streaming to TCP - INFO - 
Listening on port: 9009
2019-11-14 17:10:31,517 - Twitter Streaming to TCP - INFO - 
Twitter Authentication has been setup successfully
2019-11-14 17:11:08,378 - Twitter Streaming to TCP - INFO - 
Listening on port: 9009
2019-11-14 17:11:08,378 - Twitter Streaming to TCP - INFO - 
Twitter Authentication has been setup successfully
2019-11-14 17:11:58,316 - Twitter Streaming to TCP - INFO - 
Listening on port: 9009
2019-11-14 17:11:58,317 - Twitter Streaming to TCP - INFO - 
Twitter Authentication has been setup successfully
2019-11-14 17:12:08,659 - Twitter Streaming to TCP - INFO - 
Listening on port: 9009
2019-11-14 17:12:08,659 - Twitter Streaming to TCP - INFO - 
Twitter Authentication has been setup successfully
2019-11-14 17:13:19,491 - Twitter Streaming to TCP - INFO - 
Listening on port: 9009
2019-11-14 17:13:19,491 - Twitter Streaming to TCP - INFO - 
Twitter Authentication has been setup successfully
2019-11-14 17:13:19,492 - Twitter Streaming to TCP - INFO - 
Preparing the track list
2019-11-14 17:14:56,880 - Twitter Streaming to TCP - INFO - 
Listening on port: 9009
2019-11-14 17:14:56,881 - Twitter Streaming to TCP - INFO - 
Twitter Authentication has been setup successfully
2019-11-14 17:14:56,881 - Twitter Streaming to TCP - INFO - 
Preparing the track list
2019-11-14 17:20:15,881 - Twitter Streaming to TCP - INFO - 
Listening on port: 9009
2019-11-14 17:20:15,881 - Twitter Streaming to TCP - INFO - 
Twitter Authentication has been setup successfully
2019-11-14 17:20:15,882 - Twitter Streaming to TCP - INFO - 
Preparing the track list
2019-11-14 17:23:13,281 - Twitter Streaming to TCP - INFO - 
Listening on port: 9009
2019-11-14 17:23:13,281 - Twitter Streaming to TCP - INFO - 
Twitter Authentication has been setup successfully
2019-11-14 17:23:13,296 - Twitter Streaming to TCP - INFO - 
Preparing the track list
2019-11-14 17:24:04,299 - Twitter Streaming to TCP - INFO - 
Listening on port: 9009
2019-11-14 17:24:04,299 - Twitter Streaming to TCP - INFO - 
Twitter Authentication has been setup successfully
2019-11-14 17:24:04,299 - Twitter Streaming to TCP - INFO - 
Preparing the track list
2019-11-14 17:24:53,483 - Twitter Streaming to TCP - INFO - 
Listening on port: 9009
2019-11-14 17:24:53,483 - Twitter Streaming to TCP - INFO - 
Twitter Authentication has been setup successfully
2019-11-14 17:24:53,483 - Twitter Streaming to TCP - INFO - 
Preparing the track list
2019-11-14 17:27:50,542 - Twitter Streaming to TCP - INFO - 
Listening on port: 9009
2019-11-14 17:27:50,542 - Twitter Streaming to TCP - INFO - 
Twitter Authentication has been setup successfully
2019-11-14 17:27:50,542 - Twitter Streaming to TCP - INFO - 
Preparing the track list
2019-11-14 17:31:47,475 - Twitter Streaming to TCP - INFO - 
Listening on port: 9009
2019-11-14 17:31:47,476 - Twitter Streaming to TCP - INFO - 
Twitter Authentication has been setup successfully
2019-11-14 17:31:47,476 - Twitter Streaming to TCP - INFO - 
Preparing the track list
2019-11-14 17:34:33,096 - Twitter Streaming to TCP - INFO - 
Listening on port: 9009
2019-11-14 17:34:33,097 - Twitter Streaming to TCP - INFO - 
Twitter Authentication has been setup successfully
2019-11-14 17:34:33,097 - Twitter Streaming to TCP - INFO - 
Preparing the track list
2019-11-14 17:35:12,864 - Twitter Streaming to TCP - INFO - 
Listening on port: 9009
2019-11-14 17:35:12,864 - Twitter Streaming to TCP - INFO - 
Twitter Authentication has been setup successfully
2019-11-14 17:35:12,864 - Twitter Streaming to TCP - INFO - 
Preparing the track list
2019-11-14 17:35:48,982 - Twitter Streaming to TCP - INFO - 
Listening on port: 9009
2019-11-14 17:35:48,982 - Twitter Streaming to TCP - INFO - 
Twitter Authentication has been setup successfully
2019-11-14 17:35:48,983 - Twitter Streaming to TCP - INFO - 
Preparing the track list
2019-11-14 17:41:22,031 - Twitter Streaming to TCP - INFO - 
Listening on port: 9009
2019-11-14 17:41:22,031 - Twitter Streaming to TCP - INFO - 
Twitter Authentication has been setup successfully
2019-11-14 17:41:22,032 - Twitter Streaming to TCP - INFO - 
Preparing the track list
2019-11-14 17:48:14,048 - Twitter Streaming to TCP - INFO - 
Listening on port: 9009
2019-11-14 17:48:14,048 - Twitter Streaming to TCP - INFO - 
Twitter Authentication has been setup successfully
2019-11-14 17:48:14,049 - Twitter Streaming to TCP - INFO - 
Preparing the track list
2019-11-14 17:50:02,326 - Twitter Streaming to TCP - INFO - 
Listening on port: 9009
2019-11-14 17:50:02,326 - Twitter Streaming to TCP - INFO - 
Twitter Authentication has been setup successfully
2019-11-14 17:50:02,326 - Twitter Streaming to TCP - INFO - 
Preparing the track list
2019-11-14 17:51:43,706 - Twitter Streaming to TCP - INFO - 
Listening on port: 9009
2019-11-14 17:51:43,706 - Twitter Streaming to TCP - INFO - 
Twitter Authentication has been setup successfully
2019-11-14 17:51:43,706 - Twitter Streaming to TCP - INFO - 
Preparing the track list
2019-11-14 17:57:13,717 - Twitter Streaming to TCP - INFO - 
Listening on port: 9009
2019-11-14 17:57:13,717 - Twitter Streaming to TCP - INFO - 
Twitter Authentication has been setup successfully
2019-11-14 17:57:13,718 - Twitter Streaming to TCP - INFO - 
Preparing the track list
2019-11-14 18:01:52,606 - Twitter Streaming to TCP - INFO - 
Listening on port: 9009
2019-11-14 18:01:52,606 - Twitter Streaming to TCP - INFO - 
Twitter Authentication has been setup successfully
2019-11-14 18:01:52,607 - Twitter Streaming to TCP - INFO - 
Preparing the track list
2019-11-14 18:06:35,067 - Twitter Streaming to TCP - INFO - 
Listening on port: 9009
2019-11-14 18:06:35,067 - Twitter Streaming to TCP - INFO - 
Twitter Authentication has been setup successfully
2019-11-14 18:06:35,068 - Twitter Streaming to TCP - INFO - 
Preparing the track list
2019-11-14 18:08:20,092 - Twitter Streaming to TCP - INFO - 
Listening on port: 9009
2019-11-14 18:08:20,092 - Twitter Streaming to TCP - INFO - 
Twitter Authentication has been setup successfully
2019-11-14 18:08:20,092 - Twitter Streaming to TCP - INFO - 
Preparing the track list
2019-11-14 18:10:32,383 - Twitter Streaming to TCP - INFO - 
Listening on port: 9009
2019-11-14 18:10:32,383 - Twitter Streaming to TCP - INFO - 
Twitter Authentication has been setup successfully
2019-11-14 18:10:32,383 - Twitter Streaming to TCP - INFO - 
Preparing the track list
