2019-11-12 19:32:20,880 - Twitter Streaming to TCP - INFO - 
Twitter authentication has been setup successfully
2019-11-12 19:32:20,884 - Twitter Streaming to TCP - INFO - 
Waiting for TCP connection...
2019-11-12 19:32:42,341 - Twitter Streaming to TCP - INFO - 
Connected... Starting getting tweets.
2019-11-12 19:34:52,626 - Twitter Streaming to TCP - INFO - 
Twitter authentication has been setup successfully
2019-11-12 19:34:52,630 - Twitter Streaming to TCP - INFO - 
Waiting for TCP connection...
2019-11-12 19:35:13,085 - Twitter Streaming to TCP - INFO - 
Connected... Starting getting tweets.
2019-11-12 19:38:10,824 - Twitter Streaming to TCP - INFO - 
Twitter authentication has been setup successfully
2019-11-12 19:38:10,828 - Twitter Streaming to TCP - INFO - 
Waiting for TCP connection...
2019-11-12 19:39:07,481 - Twitter Streaming to TCP - INFO - 
Connected... Starting getting tweets.
2019-11-12 19:39:43,533 - Twitter Streaming to TCP - ERROR - 
Expecting value: line 1 column 1 (char 0)
2019-11-12 19:43:47,625 - Twitter Streaming to TCP - INFO - 
Twitter authentication has been setup successfully
2019-11-12 19:43:47,635 - Twitter Streaming to TCP - INFO - 
Waiting for TCP connection...
2019-11-12 19:44:03,923 - Twitter Streaming to TCP - INFO - 
Connected... Starting getting tweets.
2019-11-12 20:05:41,603 - Twitter Streaming to TCP - INFO - 
Twitter authentication has been setup successfully
2019-11-12 20:05:41,607 - Twitter Streaming to TCP - INFO - 
Waiting for TCP connection...
2019-11-12 20:05:52,059 - Twitter Streaming to TCP - INFO - 
Connected... Starting getting tweets.
2019-11-12 20:08:25,735 - Twitter Streaming to TCP - ERROR - 
Expecting value: line 1 column 1 (char 0)
